DEBUG 2020-04-27 09:23:41.882 UTC: 	 Running on: Linux cmslpc27.fnal.gov 2.6.32-754.28.1.el6.x86_64 #1 SMP Wed Mar 11 12:07:33 CDT 2020 x86_64 x86_64 x86_64 GNU/Linux - Scientific Linux Fermi release 6.10 (Ramsey)
DEBUG 2020-04-27 09:23:41.901 UTC: 	 OpenSSl version: OpenSSL 1.0.1e-fips 11 Feb 2013
DEBUG 2020-04-27 09:23:41.901 UTC: 	 Executing command: 'submit'
DEBUG 2020-04-27 09:23:41.902 UTC: 	 Found CRAB cache file /uscms/home/twelton/.crab3
DEBUG 2020-04-27 09:23:41.911 UTC: 	 Checking credentials
DEBUG 2020-04-27 09:23:41.911 UTC: 	 Found proxy file /uscms/home/twelton/x509up_u54539
DEBUG 2020-04-27 09:23:41.911 UTC: 	 Getting proxy life time left
DEBUG 2020-04-27 09:23:42.015 UTC: 	 Executing : 
 command : voms-proxy-info -file /uscms/home/twelton/x509up_u54539 -timeleft
 output : 86061

 error: 
 retcode : 0
DEBUG 2020-04-27 09:23:42.118 UTC: 	 Executing : 
 command : voms-proxy-info -file /uscms/home/twelton/x509up_u54539 -actimeleft
 output : 86060

 error: 
 retcode : 0
DEBUG 2020-04-27 09:23:42.119 UTC: 	 Proxy lifetime 86061 secs is different from voms extension lifetime 86060 secs for proxy: /uscms/home/twelton/x509up_u54539
DEBUG 2020-04-27 09:23:42.119 UTC: 	 Proxy valid for 23:54:20 hours
INFO 2020-04-27 09:23:42.119 UTC: 	 Will use CRAB configuration file crab_cfg.py
DEBUG 2020-04-27 09:23:42.119 UTC: 	 Loading CRAB configuration file.
DEBUG 2020-04-27 09:23:42.126 UTC: 	 Will use CRAB Analysis plugin (i.e. will run an analysis job type).
DEBUG 2020-04-27 09:23:42.247 UTC: 	 Executing : 
 command : openssl x509 -in ~/.globus/usercert.pem -subject -noout
 output : subject= /DC=ch/DC=cern/OU=Organic Units/OU=Users/CN=twelton/CN=831894/CN=Troy Phelps Welton

 error: 
 retcode : 0
DEBUG 2020-04-27 09:23:42.248 UTC: 	 Checking credentials
DEBUG 2020-04-27 09:23:42.248 UTC: 	 Found proxy file /uscms/home/twelton/x509up_u54539
DEBUG 2020-04-27 09:23:42.248 UTC: 	 Getting proxy life time left
DEBUG 2020-04-27 09:23:42.353 UTC: 	 Executing : 
 command : voms-proxy-info -file /uscms/home/twelton/x509up_u54539 -timeleft
 output : 86060

 error: 
 retcode : 0
DEBUG 2020-04-27 09:23:42.457 UTC: 	 Executing : 
 command : voms-proxy-info -file /uscms/home/twelton/x509up_u54539 -actimeleft
 output : 86060

 error: 
 retcode : 0
DEBUG 2020-04-27 09:23:42.457 UTC: 	 Proxy valid for 23:54:20 hours
DEBUG 2020-04-27 09:23:42.561 UTC: 	 Executing : 
 command : env X509_USER_PROXY=/uscms/home/twelton/x509up_u54539 voms-proxy-info -fqan
 output : /cms/Role=NULL/Capability=NULL

 error: 
 retcode : 0
DEBUG 2020-04-27 09:23:43.193 UTC: 	 Registering user credentials for server /DC=ch/DC=cern/OU=computers/CN=vocms0105.cern.ch|/DC=ch/DC=cern/OU=computers/CN=crab-(preprod|prod|dev)-tw(02|01).cern.ch|/DC=ch/DC=cern/OU=computers/CN=(ddi|ddidk|mytw).cern.ch
DEBUG 2020-04-27 09:23:43.304 UTC: 	 Executing : 
 command : openssl x509 -in ~/.globus/usercert.pem -subject -noout
 output : subject= /DC=ch/DC=cern/OU=Organic Units/OU=Users/CN=twelton/CN=831894/CN=Troy Phelps Welton

 error: 
 retcode : 0
DEBUG 2020-04-27 09:23:43.304 UTC: 	 Getting myproxy life time left for myproxy.cern.ch
DEBUG 2020-04-27 09:23:43.304 UTC: 	 Calculating hash of /DC=ch/DC=cern/OU=Organic Units/OU=Users/CN=twelton/CN=831894/CN=Troy Phelps Welton_cmsweb.cern.ch for credential name
DEBUG 2020-04-27 09:23:44.209 UTC: 	 Executing : 
 command : myproxy-info -l f77f4422fa8c04e04485d19e7495a72c3da4ee66 -s myproxy.cern.ch
 output : username: f77f4422fa8c04e04485d19e7495a72c3da4ee66
owner: /DC=ch/DC=cern/OU=Organic Units/OU=Users/CN=twelton/CN=831894/CN=Troy Phelps Welton
  renewal policy: /DC=ch/DC=cern/OU=computers/CN=vocms0105.cern.ch|/DC=ch/DC=cern/OU=computers/CN=crab-(preprod|prod|dev)-tw(02|01).cern.ch|/DC=ch/DC=cern/OU=computers/CN=(ddi|ddidk|mytw).cern.ch
  trusted retrieval policy: /DC=ch/DC=cern/OU=computers/CN=vocms0105.cern.ch|/DC=ch/DC=cern/OU=computers/CN=crab-(preprod|prod|dev)-tw(02|01).cern.ch|/DC=ch/DC=cern/OU=computers/CN=(ddi|ddidk|mytw).cern.ch
  timeleft: 649:57:18  (27.1 days)

 error: 
 retcode : 0
DEBUG 2020-04-27 09:23:44.211 UTC: 	 Myproxy is valid: 2339838
DEBUG 2020-04-27 09:23:44.211 UTC: 	 Command use: submit
DEBUG 2020-04-27 09:23:44.211 UTC: 	 Options use: ['crab_cfg.py']
DEBUG 2020-04-27 09:23:44.828 UTC: 	 CRABClient version: 3.3.2001
DEBUG 2020-04-27 09:23:44.828 UTC: 	 Instance is prod
DEBUG 2020-04-27 09:23:44.828 UTC: 	 Server base url is cmsweb.cern.ch
DEBUG 2020-04-27 09:23:44.828 UTC: 	 Command url /crabserver/prod/workflow
DEBUG 2020-04-27 09:23:44.828 UTC: 	 Started submission
DEBUG 2020-04-27 09:23:44.828 UTC: 	 Working on /uscms_data/d3/twelton/WorkingArea/CMSSW_10_2_16/src/PhysicsTools/NanoAODTools/crab/crab_projects/crab_MuTau2018C
DEBUG 2020-04-27 09:23:45.440 UTC: 	 Loading required information from the environment
DEBUG 2020-04-27 09:23:45.440 UTC: 	 Found CMSSW_10_2_16 for slc6_amd64_gcc700 with base /uscms_data/d3/twelton/WorkingArea/CMSSW_10_2_16
DEBUG 2020-04-27 09:23:45.440 UTC: 	 Loading required information from the environment
DEBUG 2020-04-27 09:23:45.440 UTC: 	 Found CMSSW_10_2_16 for slc6_amd64_gcc700 with base /uscms_data/d3/twelton/WorkingArea/CMSSW_10_2_16
DEBUG 2020-04-27 09:23:45.452 UTC: 	 UNIQUE NAME: tarUUID eaeca63d-271d-41c3-9e0c-13e6070786dc 
DEBUG 2020-04-27 09:23:45.452 UTC: 	 self.config: from WMCore.Configuration import Configuration
config = Configuration()
config.section_('General')
config.General.transferLogs = True
config.General.workArea = 'crab_projects'
config.General.requestName = 'MuTau2018C'
config.section_('JobType')
config.JobType.psetName = 'PSet.py'
config.JobType.pluginName = 'Analysis'
config.JobType.inputFiles = ['crab_script.py', '../scripts/haddnano.py']
config.JobType.sendPythonFolder = True
config.JobType.scriptExe = 'crab_script.sh'
config.section_('Data')
config.Data.inputDataset = '/EmbeddingRun2018C/MuTauFinalState_inputDoubleMu_102X_NanoAODv5_v1-DeepTauv2p1_TauPOG-v1/USER'
config.Data.outputDatasetTag = 'MuTau2018C'
config.Data.publication = True
config.Data.inputDBS = 'phys03'
config.Data.splitting = 'Automatic'
config.Data.outLFNDirBase = '/store/user/twelton/MuTau2018C'
config.Data.totalUnits = 5425000
config.section_('Site')
config.Site.storageSite = 'T3_US_FNALLPC'

DEBUG 2020-04-27 09:23:45.452 UTC: 	 self.config.JobType.psetName: PSet.py
INFO 2020-04-27 09:23:45.454 UTC: 	 Importing CMSSW configuration PSet.py
INFO 2020-04-27 09:23:45.594 UTC: 	 Finished importing CMSSW configuration PSet.py
DEBUG 2020-04-27 09:23:45.595 UTC: 	 Writing CMSSW configuration to /uscms_data/d3/twelton/WorkingArea/CMSSW_10_2_16/src/PhysicsTools/NanoAODTools/crab/crab_projects/crab_MuTau2018C/inputs/PSet.py
DEBUG 2020-04-27 09:23:45.611 UTC: 	 The following EDM output files will be collected: ['tree.root']
DEBUG 2020-04-27 09:23:45.611 UTC: 	 The following TFile output files will be collected: []
DEBUG 2020-04-27 09:23:45.611 UTC: 	 The following user output files (not listed as PoolOuputModule or TFileService in the CMSSW PSet) will be collected: 
DEBUG 2020-04-27 09:23:45.611 UTC: 	 Loading required information from the environment
DEBUG 2020-04-27 09:23:45.612 UTC: 	 Found CMSSW_10_2_16 for slc6_amd64_gcc700 with base /uscms_data/d3/twelton/WorkingArea/CMSSW_10_2_16
DEBUG 2020-04-27 09:23:45.612 UTC: 	 Making tarball in /uscms_data/d3/twelton/WorkingArea/CMSSW_10_2_16/src/PhysicsTools/NanoAODTools/crab/crab_projects/crab_MuTau2018C/inputs/eaeca63d-271d-41c3-9e0c-13e6070786dcdefault.tgz
DEBUG 2020-04-27 09:23:45.614 UTC: 	 Checking directory /uscms_data/d3/twelton/WorkingArea/CMSSW_10_2_16/lib
DEBUG 2020-04-27 09:23:45.614 UTC: 	 Adding directory /uscms_data/d3/twelton/WorkingArea/CMSSW_10_2_16/lib to tarball
DEBUG 2020-04-27 09:23:48.923 UTC: 	 Checking directory /uscms_data/d3/twelton/WorkingArea/CMSSW_10_2_16/biglib
DEBUG 2020-04-27 09:23:48.923 UTC: 	 Adding directory /uscms_data/d3/twelton/WorkingArea/CMSSW_10_2_16/biglib to tarball
DEBUG 2020-04-27 09:23:48.924 UTC: 	 Checking directory /uscms_data/d3/twelton/WorkingArea/CMSSW_10_2_16/module
DEBUG 2020-04-27 09:23:48.925 UTC: 	 Checking directory /uscms_data/d3/twelton/WorkingArea/CMSSW_10_2_16/python
DEBUG 2020-04-27 09:23:48.925 UTC: 	 Adding directory /uscms_data/d3/twelton/WorkingArea/CMSSW_10_2_16/python to tarball
DEBUG 2020-04-27 09:23:58.949 UTC: 	 Checking directory /uscms_data/d3/twelton/WorkingArea/CMSSW_10_2_16/cfipython
DEBUG 2020-04-27 09:23:58.952 UTC: 	 Adding directory /uscms_data/d3/twelton/WorkingArea/CMSSW_10_2_16/cfipython to tarball
DEBUG 2020-04-27 09:23:59.393 UTC: 	 Adding data directory /uscms_data/d3/twelton/WorkingArea/CMSSW_10_2_16/src/EgammaAnalysis/ElectronTools/data to tarball
DEBUG 2020-04-27 09:23:59.397 UTC: 	 Adding data directory /uscms_data/d3/twelton/WorkingArea/CMSSW_10_2_16/src/EgammaAnalysis/ElectronTools/interface to tarball
DEBUG 2020-04-27 09:23:59.468 UTC: 	 Adding data directory /uscms_data/d3/twelton/WorkingArea/CMSSW_10_2_16/src/PhysicsTools/NanoAOD/interface to tarball
DEBUG 2020-04-27 09:23:59.577 UTC: 	 Adding data directory /uscms_data/d3/twelton/WorkingArea/CMSSW_10_2_16/src/PhysicsTools/NanoAODTools/data to tarball
DEBUG 2020-04-27 09:24:15.944 UTC: 	 Adding data directory /uscms_data/d3/twelton/WorkingArea/CMSSW_10_2_16/src/PhysicsTools/NanoAODTools/interface to tarball
DEBUG 2020-04-27 09:24:15.975 UTC: 	 Adding data directory /uscms_data/d3/twelton/WorkingArea/CMSSW_10_2_16/src/PhysicsTools/NanoAODTools/python/postprocessing/data to tarball
DEBUG 2020-04-27 09:24:18.486 UTC: 	 Adding data directory /uscms_data/d3/twelton/WorkingArea/CMSSW_10_2_16/src/RecoEgamma/EgammaTools/data to tarball
DEBUG 2020-04-27 09:24:18.549 UTC: 	 Adding data directory /uscms_data/d3/twelton/WorkingArea/CMSSW_10_2_16/src/RecoEgamma/EgammaTools/interface to tarball
DEBUG 2020-04-27 09:24:18.804 UTC: 	 Adding data directory /uscms_data/d3/twelton/WorkingArea/CMSSW_10_2_16/src/RecoEgamma/PhotonIdentification/data to tarball
DEBUG 2020-04-27 09:24:18.932 UTC: 	 Adding data directory /uscms_data/d3/twelton/WorkingArea/CMSSW_10_2_16/src/RecoEgamma/PhotonIdentification/interface to tarball
DEBUG 2020-04-27 09:24:19.016 UTC: 	 Adding data directory /uscms_data/d3/twelton/WorkingArea/CMSSW_10_2_16/src/RecoTauTag/RecoTau/interface to tarball
DEBUG 2020-04-27 09:24:20.138 UTC: 	 Adding file crab_script.py to tarball
DEBUG 2020-04-27 09:24:20.149 UTC: 	 Adding file ../scripts/haddnano.py to tarball
DEBUG 2020-04-27 09:24:20.265 UTC: 	 Uploading archive /uscms_data/d3/twelton/WorkingArea/CMSSW_10_2_16/src/PhysicsTools/NanoAODTools/crab/crab_projects/crab_MuTau2018C/inputs/eaeca63d-271d-41c3-9e0c-13e6070786dcdefault.tgz (51 MB) to the CRAB cache. Using URI https://cmsweb.cern.ch/crabcache
DEBUG 2020-04-27 09:25:15.405 UTC: 	 Loading required information from the environment
DEBUG 2020-04-27 09:25:15.405 UTC: 	 Found CMSSW_10_2_16 for slc6_amd64_gcc700 with base /uscms_data/d3/twelton/WorkingArea/CMSSW_10_2_16
DEBUG 2020-04-27 09:25:15.405 UTC: 	 Making tarball in /uscms_data/d3/twelton/WorkingArea/CMSSW_10_2_16/src/PhysicsTools/NanoAODTools/crab/crab_projects/crab_MuTau2018C/inputs/debugFiles.tgz
DEBUG 2020-04-27 09:25:15.413 UTC: 	 Uploading archive /uscms_data/d3/twelton/WorkingArea/CMSSW_10_2_16/src/PhysicsTools/NanoAODTools/crab/crab_projects/crab_MuTau2018C/inputs/debugFiles.tgz (1 KB) to the CRAB cache. Using URI https://cmsweb.cern.ch/crabcache
DEBUG 2020-04-27 09:25:16.136 UTC: 	 Result uploading input files: 679369f2898d2a016a2ccec34006307fda40d33ec389318b4ff6ef328c339d1f.tar.gz 
INFO 2020-04-27 09:25:16.136 UTC: 	 Sending the request to the server at cmsweb.cern.ch
DEBUG 2020-04-27 09:25:16.136 UTC: 	 Submitting {'maxjobruntime': 1250, 'extrajdl': [], 'lfn': '/store/user/twelton/MuTau2018C', 'savelogsflag': 1, 'useparent': 0, 'scriptexe': 'crab_script.sh', 'asyncdest': 'T3_US_FNALLPC', 'algoargs': 480, 'cachefilename': '679369f2898d2a016a2ccec34006307fda40d33ec389318b4ff6ef328c339d1f.tar.gz', 'numcores': 1, 'addoutputfiles': [], 'generator': 'pythia', 'maxmemory': 2000, 'publishdbsurl': 'https://cmsweb.cern.ch/dbs/prod/phys03/DBSWriter', 'priority': 10, 'jobsw': 'CMSSW_10_2_16', 'edmoutfiles': ['tree.root'], 'userfiles': [], 'primarydataset': '', 'inputdata': '/EmbeddingRun2018C/MuTauFinalState_inputDoubleMu_102X_NanoAODv5_v1-DeepTauv2p1_TauPOG-v1/USER', 'ignorelocality': 0, 'dryrun': 0, 'workflow': 'crab_MuTau2018C', 'cacheurl': u'https://cmsweb.cern.ch/crabcache', 'nonprodsw': 0, 'tfileoutfiles': [], 'oneEventMode': 0, 'debugfilename': '57e8246a31444d554aa892006db7961a525dffd069f6bc9843830751c66a322e.tar.gz', 'saveoutput': 1, 'publication': 1, 'jobarch': 'slc6_amd64_gcc700', 'totalunits': 5425000, 'splitalgo': 'Automatic', 'ignoreglobalblacklist': 0, 'nonvaliddata': 0, 'dbsurl': 'https://cmsweb.cern.ch/dbs/prod/phys03/DBSReader', 'publishgroupname': 0, 'jobtype': 'Analysis', 'publishname2': 'MuTau2018C'} 
DEBUG 2020-04-27 09:25:16.137 UTC: 	 Encoded submit request: maxjobruntime=1250&lfn=%2Fstore%2Fuser%2Ftwelton%2FMuTau2018C&savelogsflag=1&useparent=0&scriptexe=crab_script.sh&asyncdest=T3_US_FNALLPC&algoargs=480&cachefilename=679369f2898d2a016a2ccec34006307fda40d33ec389318b4ff6ef328c339d1f.tar.gz&numcores=1&generator=pythia&maxmemory=2000&publishdbsurl=https%3A%2F%2Fcmsweb.cern.ch%2Fdbs%2Fprod%2Fphys03%2FDBSWriter&priority=10&jobsw=CMSSW_10_2_16&primarydataset=&inputdata=%2FEmbeddingRun2018C%2FMuTauFinalState_inputDoubleMu_102X_NanoAODv5_v1-DeepTauv2p1_TauPOG-v1%2FUSER&ignorelocality=0&dryrun=0&workflow=crab_MuTau2018C&cacheurl=https%3A%2F%2Fcmsweb.cern.ch%2Fcrabcache&nonprodsw=0&oneEventMode=0&debugfilename=57e8246a31444d554aa892006db7961a525dffd069f6bc9843830751c66a322e.tar.gz&saveoutput=1&publication=1&jobarch=slc6_amd64_gcc700&totalunits=5425000&splitalgo=Automatic&ignoreglobalblacklist=0&nonvaliddata=0&dbsurl=https%3A%2F%2Fcmsweb.cern.ch%2Fdbs%2Fprod%2Fphys03%2FDBSReader&publishgroupname=0&jobtype=Analysis&publishname2=MuTau2018C&edmoutfiles=tree.root
DEBUG 2020-04-27 09:25:16.741 UTC: 	 Result: {u'result': [{u'RequestName': u'200427_092516:twelton_crab_MuTau2018C'}]}
INFO 2020-04-27 09:25:16.746 UTC: 	 Success: Your task has been delivered to the prod CRAB3 server.
INFO 2020-04-27 09:25:16.746 UTC: 	 Task name: 200427_092516:twelton_crab_MuTau2018C
INFO 2020-04-27 09:25:16.746 UTC: 	 Project dir: crab_projects/crab_MuTau2018C
INFO 2020-04-27 09:25:16.747 UTC: 	 Please use 'crab status -d crab_projects/crab_MuTau2018C' to check how the submission process proceeds.
DEBUG 2020-04-27 09:25:16.747 UTC: 	 About to return
INFO 2020-04-27 09:25:16.754 UTC: 	 Log file is /uscms_data/d3/twelton/WorkingArea/CMSSW_10_2_16/src/PhysicsTools/NanoAODTools/crab/crab_projects/crab_MuTau2018C/crab.log
DEBUG 2020-04-27 09:58:56.933 UTC: 	 Running on: Linux cmslpc27.fnal.gov 2.6.32-754.28.1.el6.x86_64 #1 SMP Wed Mar 11 12:07:33 CDT 2020 x86_64 x86_64 x86_64 GNU/Linux - Scientific Linux Fermi release 6.10 (Ramsey)
DEBUG 2020-04-27 09:58:56.944 UTC: 	 OpenSSl version: OpenSSL 1.0.1e-fips 11 Feb 2013
DEBUG 2020-04-27 09:58:56.945 UTC: 	 Executing command: 'status'
DEBUG 2020-04-27 09:58:56.945 UTC: 	 Found CRAB cache file /uscms/home/twelton/.crab3
DEBUG 2020-04-27 09:58:56.953 UTC: 	 Checking credentials
DEBUG 2020-04-27 09:58:56.953 UTC: 	 Found proxy file /uscms/home/twelton/x509up_u54539
DEBUG 2020-04-27 09:58:56.953 UTC: 	 Getting proxy life time left
DEBUG 2020-04-27 09:58:57.056 UTC: 	 Executing : 
 command : voms-proxy-info -file /uscms/home/twelton/x509up_u54539 -timeleft
 output : 83946

 error: 
 retcode : 0
DEBUG 2020-04-27 09:58:57.159 UTC: 	 Executing : 
 command : voms-proxy-info -file /uscms/home/twelton/x509up_u54539 -actimeleft
 output : 83945

 error: 
 retcode : 0
DEBUG 2020-04-27 09:58:57.159 UTC: 	 Proxy lifetime 83946 secs is different from voms extension lifetime 83945 secs for proxy: /uscms/home/twelton/x509up_u54539
DEBUG 2020-04-27 09:58:57.159 UTC: 	 Proxy valid for 23:19:05 hours
DEBUG 2020-04-27 09:58:57.269 UTC: 	 Executing : 
 command : openssl x509 -in ~/.globus/usercert.pem -subject -noout
 output : subject= /DC=ch/DC=cern/OU=Organic Units/OU=Users/CN=twelton/CN=831894/CN=Troy Phelps Welton

 error: 
 retcode : 0
DEBUG 2020-04-27 09:58:57.269 UTC: 	 Checking credentials
DEBUG 2020-04-27 09:58:57.269 UTC: 	 Found proxy file /uscms/home/twelton/x509up_u54539
DEBUG 2020-04-27 09:58:57.269 UTC: 	 Getting proxy life time left
DEBUG 2020-04-27 09:58:57.372 UTC: 	 Executing : 
 command : voms-proxy-info -file /uscms/home/twelton/x509up_u54539 -timeleft
 output : 83945

 error: 
 retcode : 0
DEBUG 2020-04-27 09:58:57.474 UTC: 	 Executing : 
 command : voms-proxy-info -file /uscms/home/twelton/x509up_u54539 -actimeleft
 output : 83945

 error: 
 retcode : 0
DEBUG 2020-04-27 09:58:57.475 UTC: 	 Proxy valid for 23:19:05 hours
DEBUG 2020-04-27 09:58:58.097 UTC: 	 Registering user credentials for server /DC=ch/DC=cern/OU=computers/CN=vocms0105.cern.ch|/DC=ch/DC=cern/OU=computers/CN=crab-(preprod|prod|dev)-tw(02|01).cern.ch|/DC=ch/DC=cern/OU=computers/CN=(ddi|ddidk|mytw).cern.ch
DEBUG 2020-04-27 09:58:58.203 UTC: 	 Executing : 
 command : openssl x509 -in ~/.globus/usercert.pem -subject -noout
 output : subject= /DC=ch/DC=cern/OU=Organic Units/OU=Users/CN=twelton/CN=831894/CN=Troy Phelps Welton

 error: 
 retcode : 0
DEBUG 2020-04-27 09:58:58.203 UTC: 	 Getting myproxy life time left for myproxy.cern.ch
DEBUG 2020-04-27 09:58:58.203 UTC: 	 Calculating hash of /DC=ch/DC=cern/OU=Organic Units/OU=Users/CN=twelton/CN=831894/CN=Troy Phelps Welton_cmsweb.cern.ch for credential name
DEBUG 2020-04-27 09:58:59.108 UTC: 	 Executing : 
 command : myproxy-info -l f77f4422fa8c04e04485d19e7495a72c3da4ee66 -s myproxy.cern.ch
 output : username: f77f4422fa8c04e04485d19e7495a72c3da4ee66
owner: /DC=ch/DC=cern/OU=Organic Units/OU=Users/CN=twelton/CN=831894/CN=Troy Phelps Welton
  renewal policy: /DC=ch/DC=cern/OU=computers/CN=vocms0105.cern.ch|/DC=ch/DC=cern/OU=computers/CN=crab-(preprod|prod|dev)-tw(02|01).cern.ch|/DC=ch/DC=cern/OU=computers/CN=(ddi|ddidk|mytw).cern.ch
  trusted retrieval policy: /DC=ch/DC=cern/OU=computers/CN=vocms0105.cern.ch|/DC=ch/DC=cern/OU=computers/CN=crab-(preprod|prod|dev)-tw(02|01).cern.ch|/DC=ch/DC=cern/OU=computers/CN=(ddi|ddidk|mytw).cern.ch
  timeleft: 649:22:03  (27.1 days)

 error: 
 retcode : 0
DEBUG 2020-04-27 09:58:59.109 UTC: 	 Myproxy is valid: 2337723
DEBUG 2020-04-27 09:58:59.110 UTC: 	 Command use: status
DEBUG 2020-04-27 09:58:59.110 UTC: 	 Options use: []
DEBUG 2020-04-27 09:58:59.701 UTC: 	 CRABClient version: 3.3.2001
DEBUG 2020-04-27 09:58:59.701 UTC: 	 Instance is prod
DEBUG 2020-04-27 09:58:59.701 UTC: 	 Server base url is cmsweb.cern.ch
DEBUG 2020-04-27 09:58:59.701 UTC: 	 Command url /crabserver/prod/workflow
DEBUG 2020-04-27 09:59:00.355 UTC: 	 Got information from server oracle database: {u'result': [u'200427_092516:twelton_crab_MuTau2018C', u'None', u'None', u'SUBMITFAILED', u'SUBMIT', u'2020-04-27 09:25:16.682871', u'None', u'2020-04-27 09:36:26.911798', u"Task could not be submitted because there is no DISK replica for dataset /EmbeddingRun2018C/MuTauFinalState_inputDoubleMu_102X_NanoAODv5_v1-DeepTauv2p1_TauPOG-v1/USER\nN.B.: the input dataset is stored at T1_DE_KIT, but those are TAPE locations.\nThe automatic stage-out failed, please try again later. If the error persists contact the experts and provide this error message:\nHTTP Error while contacting the DDM server dynamo.mit.edu:\nurl=https://dynamo.mit.edu/registry/request/copy, code=400, reason=Bad Request, headers={'Date': 'Mon, 27 Apr 2020 09:36:26 GMT', 'Content-Length': '193', 'Content-Type': 'application/json', 'Server': 'lighttpd/1.4.49'}\nHTTP Headers are: {'Date': 'Mon, 27 Apr 2020 09:36:26 GMT', 'Content-Length': '193', 'Content-Type': 'application/json', 'Server': 'lighttpd/1.4.49'}\nYou might want to contact your physics group if you need a disk replica.", u'CMSSW_10_2_16', u'slc6_amd64_gcc700', u'/EmbeddingRun2018C/MuTauFinalState_inputDoubleMu_102X_NanoAODv5_v1-DeepTauv2p1_TauPOG-v1/USER', u'F', u'0', u'[]', u'[]', u'Automatic', u"{'splitOnRun': False, 'minutes_per_job': 480, 'halt_job_on_file_boundaries': False, 'runs': [], 'lumis': []}", u'679369f2898d2a016a2ccec34006307fda40d33ec389318b4ff6ef328c339d1f.tar.gz', u'https://cmsweb.cern.ch/crabcache', u'twelton', u'/DC=ch/DC=cern/OU=Organic Units/OU=Users/CN=twelton/CN=831894/CN=Troy Phelps Welton', u'cms', u'None', u'None', u'MuTau2018C-00000000000000000000000000000000', u'F', u'T3_US_FNALLPC', u'https://cmsweb.cern.ch/dbs/prod/phys03/DBSReader', u'https://cmsweb.cern.ch/dbs/prod/phys03/DBSWriter', u'T', u'[]', u'[]', u"['tree.root']", u'Analysis', u'pythia', u'None', u'{}', u'[]', u'T', u'crab-prod-tw01', u'[]', u'1250', u'1', u'2000', u'10', u'None', u'[]', u'None', u'crab_script.sh', u'[]', u'[]', u'https://cmsweb.cern.ch/crabserver/prod', u'cmsgwms-collector-global.cern.ch:9620,cmsgwms-collector-global.fnal.gov', u'None', u'F', u'[]', u'T', u'/store/user/twelton/MuTau2018C', u'F', u'None', u'F', u'None', u'EmbeddingRun2018C', u'None', u'57e8246a31444d554aa892006db7961a525dffd069f6bc9843830751c66a322e.tar.gz', u'None', u'filetransfers', u'F', u'131.225.190.179', u'5425000.0', u'None'], u'desc': {u'columns': [u'tm_taskname', u'tm_activity', u'panda_jobset_id', u'tm_task_status', u'tm_task_command', u'tm_start_time', u'tm_start_injection', u'tm_end_injection', u'tm_task_failure', u'tm_job_sw', u'tm_job_arch', u'tm_input_dataset', u'tm_nonvalid_input_dataset', u'tm_use_parent', u'tm_site_whitelist', u'tm_site_blacklist', u'tm_split_algo', u'tm_split_args', u'tm_user_sandbox', u'tm_cache_url', u'tm_username', u'tm_user_dn', u'tm_user_vo', u'tm_user_role', u'tm_user_group', u'tm_publish_name', u'tm_publish_groupname', u'tm_asyncdest', u'tm_dbs_url', u'tm_publish_dbs_url', u'tm_publication', u'tm_outfiles', u'tm_tfile_outfiles', u'tm_edm_outfiles', u'tm_job_type', u'tm_generator', u'tm_events_per_lumi', u'tm_arguments', u'panda_resubmitted_jobs', u'tm_save_logs', u'tw_name', u'tm_user_infiles', u'tm_maxjobruntime', u'tm_numcores', u'tm_maxmemory', u'tm_priority', u'tm_output_dataset', u'tm_task_warnings', u'tm_user_webdir', u'tm_scriptexe', u'tm_scriptargs', u'tm_extrajdl', u'tm_asourl', u'tm_collector', u'tm_schedd', u'tm_dry_run', u'tm_user_files', u'tm_transfer_outputs', u'tm_output_lfn', u'tm_ignore_locality', u'tm_fail_limit', u'tm_one_event_mode', u'tm_secondary_input_dataset', u'tm_primary_dataset', u'tm_last_publication', u'tm_debug_files', u'clusterid', u'tm_asodb', u'tm_ignore_global_blacklist', u'tm_submitter_ip_addr', u'tm_totalunits', u'tm_ddm_reqid']}}
INFO 2020-04-27 09:59:00.356 UTC: 	 CRAB project directory:		/uscms_data/d3/twelton/WorkingArea/CMSSW_10_2_16/src/PhysicsTools/NanoAODTools/crab/crab_projects/crab_MuTau2018C
INFO 2020-04-27 09:59:00.356 UTC: 	 Task name:			200427_092516:twelton_crab_MuTau2018C
INFO 2020-04-27 09:59:00.356 UTC: 	 Grid scheduler - Task Worker:	N/A yet - crab-prod-tw01
INFO 2020-04-27 09:59:00.356 UTC: 	 Status on the CRAB server:	SUBMITFAILED
INFO 2020-04-27 09:59:00.356 UTC: 	 Task URL to use for HELP:	https://cmsweb.cern.ch/crabserver/ui/task/200427_092516%3Atwelton_crab_MuTau2018C
INFO 2020-04-27 09:59:00.356 UTC: 	 Dashboard monitoring URL:	https://monit-grafana.cern.ch/d/cmsTMDetail/cms-task-monitoring-task-view?orgId=11&var-user=twelton&var-task=200427_092516%3Atwelton_crab_MuTau2018C
INFO 2020-04-27 09:59:00.356 UTC: 	 In case of issues with the dashboard, please provide feedback to hn-cms-computing-tools@cern.ch
ERROR 2020-04-27 09:59:00.356 UTC: 	 Failure message from server:	Task could not be submitted because there is no DISK replica for dataset /EmbeddingRun2018C/MuTauFinalState_inputDoubleMu_102X_NanoAODv5_v1-DeepTauv2p1_TauPOG-v1/USER
				N.B.: the input dataset is stored at T1_DE_KIT, but those are TAPE locations.
				The automatic stage-out failed, please try again later. If the error persists contact the experts and provide this error message:
				HTTP Error while contacting the DDM server dynamo.mit.edu:
				url=https://dynamo.mit.edu/registry/request/copy, code=400, reason=Bad Request, headers={'Date': 'Mon, 27 Apr 2020 09:36:26 GMT', 'Content-Length': '193', 'Content-Type': 'application/json', 'Server': 'lighttpd/1.4.49'}
				HTTP Headers are: {'Date': 'Mon, 27 Apr 2020 09:36:26 GMT', 'Content-Length': '193', 'Content-Type': 'application/json', 'Server': 'lighttpd/1.4.49'}
				You might want to contact your physics group if you need a disk replica.
DEBUG 2020-04-27 09:59:00.356 UTC: 	 The task has not been submitted to the Grid scheduler yet. Not printing job information.
INFO 2020-04-27 09:59:00.366 UTC: 	 Log file is /uscms_data/d3/twelton/WorkingArea/CMSSW_10_2_16/src/PhysicsTools/NanoAODTools/crab/crab_projects/crab_MuTau2018C/crab.log
