DEBUG 2019-11-04 22:28:12.666 UTC: 	 Running on: Linux cmslpc23.fnal.gov 2.6.32-754.23.1.el6.x86_64 #1 SMP Mon Sep 23 04:00:04 CDT 2019 x86_64 x86_64 x86_64 GNU/Linux
Description:	Scientific Linux Fermi release 6.10 (Ramsey)

DEBUG 2019-11-04 22:28:12.667 UTC: 	 Executing command: 'submit'
DEBUG 2019-11-04 22:28:12.667 UTC: 	 Found CRAB cache file /uscms/home/twelton/.crab3
DEBUG 2019-11-04 22:28:12.676 UTC: 	 Checking credentials
DEBUG 2019-11-04 22:28:12.676 UTC: 	 Found proxy file /uscms/home/twelton/x509up_u54539
DEBUG 2019-11-04 22:28:12.676 UTC: 	 Getting proxy life time left
DEBUG 2019-11-04 22:28:12.780 UTC: 	 Executing : 
 command : voms-proxy-info -file /uscms/home/twelton/x509up_u54539 -timeleft
 output : 39737

 error: 
 retcode : 0
DEBUG 2019-11-04 22:28:12.884 UTC: 	 Executing : 
 command : voms-proxy-info -file /uscms/home/twelton/x509up_u54539 -actimeleft
 output : 39736

 error: 
 retcode : 0
DEBUG 2019-11-04 22:28:12.884 UTC: 	 Proxy lifetime 39737 secs is different from voms extension lifetime 39736 secs for proxy: /uscms/home/twelton/x509up_u54539
DEBUG 2019-11-04 22:28:12.884 UTC: 	 Proxy valid for 11:02:16 hours
INFO 2019-11-04 22:28:12.885 UTC: 	 Will use CRAB configuration file ./crabSubmits/ElMu_Run2016G.py
DEBUG 2019-11-04 22:28:12.885 UTC: 	 Loading CRAB configuration file.
DEBUG 2019-11-04 22:28:12.955 UTC: 	 Will use CRAB Analysis plugin (i.e. will run an analysis job type).
DEBUG 2019-11-04 22:28:13.151 UTC: 	 Executing : 
 command : openssl x509 -in ~/.globus/usercert.pem -subject -noout
 output : subject= /DC=ch/DC=cern/OU=Organic Units/OU=Users/CN=twelton/CN=831894/CN=Troy Phelps Welton

 error: 
 retcode : 0
DEBUG 2019-11-04 22:28:13.151 UTC: 	 Checking credentials
DEBUG 2019-11-04 22:28:13.151 UTC: 	 Found proxy file /uscms/home/twelton/x509up_u54539
DEBUG 2019-11-04 22:28:13.151 UTC: 	 Getting proxy life time left
DEBUG 2019-11-04 22:28:13.255 UTC: 	 Executing : 
 command : voms-proxy-info -file /uscms/home/twelton/x509up_u54539 -timeleft
 output : 39736

 error: 
 retcode : 0
DEBUG 2019-11-04 22:28:13.360 UTC: 	 Executing : 
 command : voms-proxy-info -file /uscms/home/twelton/x509up_u54539 -actimeleft
 output : 39735

 error: 
 retcode : 0
DEBUG 2019-11-04 22:28:13.360 UTC: 	 Proxy lifetime 39736 secs is different from voms extension lifetime 39735 secs for proxy: /uscms/home/twelton/x509up_u54539
DEBUG 2019-11-04 22:28:13.360 UTC: 	 Proxy valid for 11:02:15 hours
DEBUG 2019-11-04 22:28:13.464 UTC: 	 Executing : 
 command : env X509_USER_PROXY=/uscms/home/twelton/x509up_u54539 voms-proxy-info -fqan
 output : /cms/Role=NULL/Capability=NULL

 error: 
 retcode : 0
DEBUG 2019-11-04 22:28:14.067 UTC: 	 Registering user credentials for server /DC=ch/DC=cern/OU=computers/CN=vocms(052|058|030|0118|0105|0109).cern.ch|/DC=ch/DC=cern/OU=computers/CN=crab-(preprod|prod)-tw(02|01).cern.ch
DEBUG 2019-11-04 22:28:14.177 UTC: 	 Executing : 
 command : openssl x509 -in ~/.globus/usercert.pem -subject -noout
 output : subject= /DC=ch/DC=cern/OU=Organic Units/OU=Users/CN=twelton/CN=831894/CN=Troy Phelps Welton

 error: 
 retcode : 0
DEBUG 2019-11-04 22:28:14.178 UTC: 	 Getting myproxy life time left for myproxy.cern.ch
DEBUG 2019-11-04 22:28:14.178 UTC: 	 Calculating hash of /DC=ch/DC=cern/OU=Organic Units/OU=Users/CN=twelton/CN=831894/CN=Troy Phelps Welton_cmsweb.cern.ch for credential name
DEBUG 2019-11-04 22:28:14.983 UTC: 	 Executing : 
 command : myproxy-info -l f77f4422fa8c04e04485d19e7495a72c3da4ee66 -s myproxy.cern.ch
 output : username: f77f4422fa8c04e04485d19e7495a72c3da4ee66
owner: /DC=ch/DC=cern/OU=Organic Units/OU=Users/CN=twelton/CN=831894/CN=Troy Phelps Welton
  renewal policy: /DC=ch/DC=cern/OU=computers/CN=vocms(052|058|030|0118|0105|0109).cern.ch|/DC=ch/DC=cern/OU=computers/CN=crab-(preprod|prod)-tw(02|01).cern.ch
  trusted retrieval policy: /DC=ch/DC=cern/OU=computers/CN=vocms(052|058|030|0118|0105|0109).cern.ch|/DC=ch/DC=cern/OU=computers/CN=crab-(preprod|prod)-tw(02|01).cern.ch
  timeleft: 719:42:34  (30.0 days)

 error: 
 retcode : 0
DEBUG 2019-11-04 22:28:14.985 UTC: 	 Myproxy is valid: 2590954
DEBUG 2019-11-04 22:28:14.985 UTC: 	 Command use: submit
DEBUG 2019-11-04 22:28:14.985 UTC: 	 Options use: ['./crabSubmits/ElMu_Run2016G.py']
DEBUG 2019-11-04 22:28:15.596 UTC: 	 CRABClient version: 3.3.1910.patch2
DEBUG 2019-11-04 22:28:15.596 UTC: 	 Instance is prod
DEBUG 2019-11-04 22:28:15.596 UTC: 	 Server base url is cmsweb.cern.ch
DEBUG 2019-11-04 22:28:15.596 UTC: 	 Command url /crabserver/prod/workflow
DEBUG 2019-11-04 22:28:15.596 UTC: 	 Started submission
DEBUG 2019-11-04 22:28:15.596 UTC: 	 Working on /uscms_data/d3/twelton/WorkingArea/CMSSW_10_2_16/src/ExcitedTau/crab_projects/crab_ExcitingAnalyzer_ElMu_Run2016G
DEBUG 2019-11-04 22:28:16.230 UTC: 	 Loading required information from the environment
DEBUG 2019-11-04 22:28:16.230 UTC: 	 Found CMSSW_10_2_16 for slc6_amd64_gcc700 with base /uscms_data/d3/twelton/WorkingArea/CMSSW_10_2_16
DEBUG 2019-11-04 22:28:16.230 UTC: 	 Loading required information from the environment
DEBUG 2019-11-04 22:28:16.230 UTC: 	 Found CMSSW_10_2_16 for slc6_amd64_gcc700 with base /uscms_data/d3/twelton/WorkingArea/CMSSW_10_2_16
DEBUG 2019-11-04 22:28:16.247 UTC: 	 UNIQUE NAME: tarUUID 7721989e-9a70-4ce5-8479-b0ec4f84ad50 
DEBUG 2019-11-04 22:28:16.250 UTC: 	 self.config: from WMCore.Configuration import Configuration
config = Configuration()
config.section_('General')
config.General.transferLogs = True
config.General.transferOutputs = True
config.General.workArea = 'crab_projects'
config.General.requestName = 'ExcitingAnalyzer_ElMu_Run2016G'
config.section_('JobType')
config.JobType.psetName = './excitingAnalyzer2016_cfg.py'
config.JobType.pluginName = 'Analysis'
config.JobType.pyCfgParams = ['applyFilter=True', 'doSS=False', 'isMC=False']
config.section_('Data')
config.Data.inputDataset = '/EmbeddingRun2016G/ElMuFinalState-inputDoubleMu_94X_Legacy_miniAOD-v5/USER'
config.Data.allowNonValidInputDataset = True
config.Data.splitting = 'Automatic'
config.Data.inputDBS = 'phys03'
config.Data.lumiMask = './Final/Cert_271036-284044_13TeV_23Sep2016ReReco_Collisions16_JSON.txt'
config.Data.outLFNDirBase = '/store/user/twelton/ExcitingAnalyzer_v1'
config.section_('Site')
config.Site.storageSite = 'T3_US_FNALLPC'
config.section_('User')
config.section_('Debug')

DEBUG 2019-11-04 22:28:16.250 UTC: 	 self.config.JobType.psetName: ./excitingAnalyzer2016_cfg.py
INFO 2019-11-04 22:28:16.250 UTC: 	 Importing CMSSW configuration ./excitingAnalyzer2016_cfg.py
DEBUG 2019-11-04 22:28:16.250 UTC: 	 Additional parameters for the CMSSW configuration are: ['applyFilter=True', 'doSS=False', 'isMC=False']
INFO 2019-11-04 22:28:17.870 UTC: 	 Finished importing CMSSW configuration ./excitingAnalyzer2016_cfg.py
DEBUG 2019-11-04 22:28:17.871 UTC: 	 Writing CMSSW configuration to /uscms_data/d3/twelton/WorkingArea/CMSSW_10_2_16/src/ExcitedTau/crab_projects/crab_ExcitingAnalyzer_ElMu_Run2016G/inputs/PSet.py
DEBUG 2019-11-04 22:28:25.861 UTC: 	 The following EDM output files will be collected: []
DEBUG 2019-11-04 22:28:25.861 UTC: 	 The following TFile output files will be collected: ['output.root']
DEBUG 2019-11-04 22:28:25.861 UTC: 	 The following user output files (not listed as PoolOuputModule or TFileService in the CMSSW PSet) will be collected: 
DEBUG 2019-11-04 22:28:25.861 UTC: 	 Loading required information from the environment
DEBUG 2019-11-04 22:28:25.861 UTC: 	 Found CMSSW_10_2_16 for slc6_amd64_gcc700 with base /uscms_data/d3/twelton/WorkingArea/CMSSW_10_2_16
DEBUG 2019-11-04 22:28:25.861 UTC: 	 Making tarball in /uscms_data/d3/twelton/WorkingArea/CMSSW_10_2_16/src/ExcitedTau/crab_projects/crab_ExcitingAnalyzer_ElMu_Run2016G/inputs/7721989e-9a70-4ce5-8479-b0ec4f84ad50default.tgz
DEBUG 2019-11-04 22:28:25.921 UTC: 	 Checking directory /uscms_data/d3/twelton/WorkingArea/CMSSW_10_2_16/lib
DEBUG 2019-11-04 22:28:25.921 UTC: 	 Adding directory /uscms_data/d3/twelton/WorkingArea/CMSSW_10_2_16/lib to tarball
DEBUG 2019-11-04 22:28:28.640 UTC: 	 Checking directory /uscms_data/d3/twelton/WorkingArea/CMSSW_10_2_16/biglib
DEBUG 2019-11-04 22:28:28.641 UTC: 	 Adding directory /uscms_data/d3/twelton/WorkingArea/CMSSW_10_2_16/biglib to tarball
DEBUG 2019-11-04 22:28:28.643 UTC: 	 Checking directory /uscms_data/d3/twelton/WorkingArea/CMSSW_10_2_16/module
DEBUG 2019-11-04 22:28:29.786 UTC: 	 Adding data directory /uscms_data/d3/twelton/WorkingArea/CMSSW_10_2_16/src/PhysicsTools/NanoAOD/interface to tarball
DEBUG 2019-11-04 22:28:29.794 UTC: 	 Adding data directory /uscms_data/d3/twelton/WorkingArea/CMSSW_10_2_16/src/RecoTauTag/RecoTau/interface to tarball
DEBUG 2019-11-04 22:28:29.877 UTC: 	 Adding data directory /uscms_data/d3/twelton/WorkingArea/CMSSW_10_2_16/src/RecoEgamma/EgammaTools/data to tarball
DEBUG 2019-11-04 22:28:29.884 UTC: 	 Adding data directory /uscms_data/d3/twelton/WorkingArea/CMSSW_10_2_16/src/RecoEgamma/EgammaTools/interface to tarball
DEBUG 2019-11-04 22:28:30.102 UTC: 	 Adding data directory /uscms_data/d3/twelton/WorkingArea/CMSSW_10_2_16/src/RecoEgamma/PhotonIdentification/data to tarball
DEBUG 2019-11-04 22:28:30.137 UTC: 	 Adding data directory /uscms_data/d3/twelton/WorkingArea/CMSSW_10_2_16/src/RecoEgamma/PhotonIdentification/interface to tarball
DEBUG 2019-11-04 22:28:30.148 UTC: 	 Adding data directory /uscms_data/d3/twelton/WorkingArea/CMSSW_10_2_16/src/EgammaAnalysis/ElectronTools/data to tarball
DEBUG 2019-11-04 22:28:30.151 UTC: 	 Adding data directory /uscms_data/d3/twelton/WorkingArea/CMSSW_10_2_16/src/EgammaAnalysis/ElectronTools/interface to tarball
DEBUG 2019-11-04 22:28:30.841 UTC: 	 Uploading archive /uscms_data/d3/twelton/WorkingArea/CMSSW_10_2_16/src/ExcitedTau/crab_projects/crab_ExcitingAnalyzer_ElMu_Run2016G/inputs/7721989e-9a70-4ce5-8479-b0ec4f84ad50default.tgz (3.814453.1 MB) to the CRAB cache. Using URI https://cmsweb.cern.ch/crabcache
DEBUG 2019-11-04 22:28:37.846 UTC: 	 Loading required information from the environment
DEBUG 2019-11-04 22:28:37.846 UTC: 	 Found CMSSW_10_2_16 for slc6_amd64_gcc700 with base /uscms_data/d3/twelton/WorkingArea/CMSSW_10_2_16
DEBUG 2019-11-04 22:28:37.846 UTC: 	 Making tarball in /uscms_data/d3/twelton/WorkingArea/CMSSW_10_2_16/src/ExcitedTau/crab_projects/crab_ExcitingAnalyzer_ElMu_Run2016G/inputs/debugFiles.tgz
DEBUG 2019-11-04 22:28:37.901 UTC: 	 Uploading archive /uscms_data/d3/twelton/WorkingArea/CMSSW_10_2_16/src/ExcitedTau/crab_projects/crab_ExcitingAnalyzer_ElMu_Run2016G/inputs/debugFiles.tgz (3 KB) to the CRAB cache. Using URI https://cmsweb.cern.ch/crabcache
DEBUG 2019-11-04 22:28:38.592 UTC: 	 Result uploading input files: 917079c6765c6342479b30b9ff784b25fa2c1a4dbfb1f1f5e593b8ed21fb1ec9.tar.gz 
DEBUG 2019-11-04 22:28:38.592 UTC: 	 Attaching lumi mask ./Final/Cert_271036-284044_13TeV_23Sep2016ReReco_Collisions16_JSON.txt to the request
DEBUG 2019-11-04 22:28:38.593 UTC: 	 Reading lumi-mask from ./Final/Cert_271036-284044_13TeV_23Sep2016ReReco_Collisions16_JSON.txt
WARNING 2019-11-04 22:28:38.598 UTC: 	 Warning: The following output files will not be published, as they are not EDM files: ['output.root']
INFO 2019-11-04 22:28:38.598 UTC: 	 Sending the request to the server at cmsweb.cern.ch
DEBUG 2019-11-04 22:28:38.599 UTC: 	 Submitting {'maxjobruntime': 1250, 'extrajdl': [], 'ignorelocality': 0, 'savelogsflag': 1, 'useparent': 0, 'asyncdest': 'T3_US_FNALLPC', 'algoargs': 480, 'cachefilename': '917079c6765c6342479b30b9ff784b25fa2c1a4dbfb1f1f5e593b8ed21fb1ec9.tar.gz', 'numcores': 1, 'addoutputfiles': [], 'generator': 'pythia', 'maxmemory': 2000, 'publishdbsurl': 'https://cmsweb.cern.ch/dbs/prod/phys03/DBSWriter', 'priority': 10, 'jobsw': 'CMSSW_10_2_16', 'edmoutfiles': [], 'userfiles': [], 'primarydataset': '', 'inputdata': '/EmbeddingRun2016G/ElMuFinalState-inputDoubleMu_94X_Legacy_miniAOD-v5/USER', 'lfn': '/store/user/twelton/ExcitingAnalyzer_v1', 'dryrun': 0, 'workflow': 'crab_ExcitingAnalyzer_ElMu_Run2016G', 'cacheurl': u'https://cmsweb.cern.ch/crabcache', 'runs': [u'273158', u'273302', u'273402', u'273403', u'273404', u'273405', u'273406', u'273408', u'273409', u'273410', u'273411', u'273425', u'273446', u'273447', u'273448', u'273449', u'273450', u'273492', u'273493', u'273494', u'273502', u'273503', u'273554', u'273555', u'273725', u'273728', u'273730', u'274094', u'274146', u'274157', u'274159', u'274160', u'274161', u'274172', u'274198', u'274199', u'274200', u'274240', u'274241', u'274244', u'274250', u'274251', u'274283', u'274284', u'274286', u'274314', u'274315', u'274316', u'274317', u'274319', u'274335', u'274336', u'274337', u'274338', u'274339', u'274344', u'274345', u'274382', u'274387', u'274388', u'274420', u'274421', u'274422', u'274440', u'274441', u'274442', u'274954', u'274955', u'274968', u'274969', u'274970', u'274971', u'274998', u'274999', u'275000', u'275001', u'275059', u'275066', u'275067', u'275068', u'275073', u'275074', u'275124', u'275125', u'275282', u'275283', u'275284', u'275290', u'275291', u'275292', u'275293', u'275309', u'275310', u'275311', u'275319', u'275337', u'275338', u'275344', u'275345', u'275370', u'275371', u'275375', u'275376', u'275657', u'275658', u'275659', u'275761', u'275767', u'275772', u'275773', u'275774', u'275776', u'275777', u'275778', u'275782', u'275832', u'275833', u'275834', u'275835', u'275836', u'275837', u'275847', u'275886', u'275890', u'275911', u'275912', u'275913', u'275918', u'275920', u'275921', u'275923', u'275931', u'275963', u'276092', u'276097', u'276242', u'276243', u'276244', u'276282', u'276283', u'276315', u'276317', u'276318', u'276355', u'276361', u'276363', u'276384', u'276437', u'276454', u'276458', u'276495', u'276501', u'276502', u'276525', u'276527', u'276528', u'276542', u'276543', u'276544', u'276545', u'276581', u'276582', u'276583', u'276584', u'276585', u'276586', u'276587', u'276653', u'276655', u'276659', u'276775', u'276776', u'276794', u'276807', u'276808', u'276810', u'276811', u'276831', u'276834', u'276870', u'276935', u'276940', u'276946', u'276947', u'276948', u'276950', u'277069', u'277070', u'277071', u'277072', u'277073', u'277076', u'277087', u'277094', u'277096', u'277112', u'277126', u'277127', u'277148', u'277166', u'277168', u'277180', u'277194', u'277305', u'277420', u'277981', u'277991', u'277992', u'278017', u'278018', u'278167', u'278175', u'278193', u'278239', u'278240', u'278273', u'278274', u'278288', u'278289', u'278290', u'278308', u'278310', u'278315', u'278345', u'278346', u'278349', u'278366', u'278406', u'278509', u'278769', u'278770', u'278801', u'278802', u'278803', u'278804', u'278805', u'278808', u'278820', u'278822', u'278873', u'278874', u'278875', u'278923', u'278957', u'278962', u'278963', u'278969', u'278975', u'278976', u'278986', u'279024', u'279029', u'279071', u'279080', u'279115', u'279116', u'279479', u'279588', u'279653', u'279654', u'279656', u'279658', u'279667', u'279681', u'279682', u'279683', u'279684', u'279685', u'279691', u'279694', u'279715', u'279716', u'279760', u'279766', u'279767', u'279794', u'279823', u'279841', u'279844', u'279887', u'279931', u'279966', u'279975', u'279993', u'279994', u'280013', u'280015', u'280016', u'280017', u'280018', u'280020', u'280024', u'280187', u'280188', u'280191', u'280194', u'280242', u'280249', u'280251', u'280327', u'280330', u'280349', u'280363', u'280364', u'280383', u'280384', u'280385', u'281613', u'281639', u'281641', u'281693', u'281707', u'281726', u'281727', u'281797', u'281975', u'281976', u'282033', u'282034', u'282035', u'282037', u'282092', u'282708', u'282710', u'282712', u'282730', u'282731', u'282732', u'282733', u'282734', u'282735', u'282800', u'282807', u'282814', u'282842', u'282917', u'282918', u'282919', u'282922', u'282923', u'283042', u'283043', u'283049', u'283050', u'283052', u'283059', u'283270', u'283283', u'283305', u'283306', u'283307', u'283308', u'283353', u'283358', u'283359', u'283407', u'283408', u'283416', u'283453', u'283469', u'283478', u'283548', u'283680', u'283681', u'283682', u'283685', u'283820', u'283830', u'283834', u'283835', u'283865', u'283876', u'283877', u'283884', u'283885', u'283933', u'283934', u'283946', u'283964', u'284006', u'284014', u'284025', u'284029', u'284035', u'284036', u'284037', u'284038', u'284039', u'284040', u'284041', u'284042', u'284043', u'284044'], 'lumis': ['1,1279', '1,459', '100,292', '1,53', '1,18', '2,25', '1,112', '1,6', '1,309', '1,90', '1,29', '62,352,354,733', '1,33', '1,113,115,412', '1,391', '1,214', '1,214,219,647', '71,71,73,282,284,325,327,338', '1,233', '1,192', '73,256,258,318,320,813,815,1064', '1,598', '77,437', '1,173', '83,252,254,2545', '1,100', '1,1814,1820,2126', '108,332', '1,67', '105,534', '1,43', '1,207', '1,516', '31,95', '81,191', '1,623', '1,678', '1,40,42,82', '1,1152,1161,1176', '1,607', '1,701', '1,546', '2,19', '1,210', '1,154', '97,97,99,158', '1,424', '1,959', '1,3', '1,225', '60,1003', '1,14', '3,17', '1,698', '1,29,31,31,33,33,35,93', '1,632', '1,170', '94,144', '88,439', '1,1820', '94,268', '1,342', '1,2207', '92,493', '1,431', '1,752', '37,37,39,57', '1,91', '1,1192', '1,1003', '1,47', '1,905', '64,782', '1,1241', '1,136', '1,1781,1786,2061', '78,81,105,137', '1,96', '1,392', '1,915', '1,517', '1,442,444,647', '106,106,108,431', '1,989', '91,180', '1,132', '1,74', '96,143', '1,347', '1,121', '1,142,144,201', '55,617', '1,1929', '1,1253', '141,282', '1,427', '1,520', '76,356', '1,353', '81,365', '1,22,28,569', '127,1449', '1,2667,2669,3096', '1,105', '1,337', '1,17', '1,9', '1,4', '1,56', '1,7', '1,311,315,315', '1,140', '1,300', '1,305', '1,131,133,762', '1,367', '1,53,56,115,117,251', '1,297', '1,13', '1,429,431,1163,1166,1170,1184,1293', '1,186,198,726', '1,2263', '73,109', '1,1393', '62,298,300,354,356,440', '1,289', '1,475', '1,318,348,361', '5,463', '1,2,4,5,17,20', '3,53,63,64,66,126', '1,14,19,89', '82,139,141,172', '74,149', '1,507', '1,7,18,61,72,1664', '1,15,18,480,482,611', '3,1202', '75,534,537,1142', '3,1087', '40,175,178,217', '3,138', '3,103,106,570', '1,33', '1,161,169,208,210,800,802,833', '1,140,142,238,242,1482', '2,1117', '63,224,227,1074,1076,2190', '1,527', '1,341', '87,268', '4,221,223,2547', '2,741', '88,469,471,1606,1626,2893', '1,214', '4,394', '74,857', '1,638,643,952', '2,161', '2,110,117,213', '79,444', '1,871', '1,52', '1,2', '1,238,241,242,245,246', '2,658,680,773', '1,1006', '72,550', '1,593,595,1106', '1,127,129,252', '96,1260', '1,1823', '1,885', '66,220', '1,875', '1,287', '1,1270,1272,2563', '64,755,761,2702', '1,720', '78,1354,1356,3108,3111,3258,3260,3484', '79,184,186,838,842,906', '70,213', '1,27', '1,89,91,126,135,141', '1,474', '1,2353', '81,265,267,390', '1,309,311,1059', '1,82,90,178', '1,253,256,466', '1,90', '1,3,5,7,9,35,38,1037', '204,1191', '1,161,164,584', '1,1309,1311,2086', '1,155', '42,59', '1,438,440,902', '83,190,193,700', '77,186,188,431', '1,1708,1711,1822,1824,2223', '88,228', '113,139,144,497,500,1115,1117,1312,1320,1749,1754,2067,2070,2070', '62,744', '84,84,86,291,293,346', '82,83,85,163', '1,98', '1,260,262,312', '77,97,99,213,215,512,514,589', '1,263,265,422,424,615,617,627,642,1011,1020,1181', '87,394,397,1153,1155,1660,1662,1707,1709,2258', '1,88', '77,231', '76,339,341,558,560,740', '1,64,70,113,115,1121,1123,1296,1299,1309', '75,110', '1,18,20,85', '67,81', '1,42,44,52', '1,11', '87,216,219,587,589,680,683,1200,1217,1410,1413,1848,1880,1880', '1,32,34,709', '73,254,256,661,663,767', '84,500,503,831', '1,117', '1,401,403,612,632,633', '1,453', '85,360,362,1682', '91,1557', '75,104', '1,767', '48,85', '1,17', '1,87,91,133,135,297,299,323', '1,4', '3,26,30,167,170,193,196,280,283,284,288,288', '1,445,447,462,464,1793', '17,1533', '1,1627', '70,129', '1,273,275,478', '1,210,212,834', '55,467', '79,227', '68,408', '1,23,25,175', '70,511,514,1051,1053,1291,1293,1397,1399,1460', '1,475,477,745,747,850', '1,20', '71,199', '82,382', '1,260', '71,244', '68,224', '118,524', '38,485', '86,190', '100,1259', '77,77,82,261', '1,108,110,1231,1285,1299', '1,43', '1,689,691,713', '68,1033', '77,104', '1,29,33,34,37,38', '1,26', '1,22', '1,93,95,209', '71,113', '1,2235', '71,474,476,477,480,480,511,511,523,691', '1,860,875,1528,1530,1653', '68,578,585,728', '1,1689', '1,776', '77,1100', '61,395', '75,398,407,2122', '72,295', '79,221,225,397', '84,628,630,743,746,801,803,1043,1045,3022', '79,441', '70,190,192,253,256,281,283,709,734,1121', '85,156', '1,47', '1,25', '1,39,41,56,59,554,560,580', '1,149', '1,608', '1,1281', '1,45', '1,427', '4,60', '1,245', '1,781,783,866,869,900', '1,238', '1,411,414,627', '1,486,488,1433', '1,165,167,372', '49,85', '1,857', '1,247,252,623,626,626', '1,359', '1,370,372,617,619,619,621,1090,1102,1363', '64,65', '2,34', '1,519,523,569,574,1187,1189,1533,1536,2022', '101,128,130,130,133,133,135,139,143,256,258,903', '1,132', '1,319', '1,2191', '99,982,1000,1065', '1,288', '1,1605', '125,2176', '1,215', '1,2166', '82,117', '1,33', '1,40', '1,457,459,1862', '92,222,624,2276', '1,8', '1,2,8,8', '1,1,10,68', '89,164', '1,172', '1,69', '1,177', '1,327', '1,642,645,1232,1235,1823', '1,377', '1,326', '1,1843', '1,80', '117,157,159,191', '1,51', '1,243', '1,131', '1,17,19,30,32,36,38,39,41,86,88,224', '1,6', '1,105,108,519', '82,93', '1,212', '1,111', '1,125,127,451', '76,573,576,1502,1504,1888,1890,1912', '4,1668,1670,1748', '79,85', '1,289', '1,153,156,456', '1,547,549,571,573,895,897,948', '80,822', '1,243,245,981', '1,428', '82,114', '1,27,29,2088,2098,2125,2203,2416,2528,2542', '49,151,154,245', '83,537', '74,74', '76,303,324,969', '145,288', '1,81', '1,17', '1,384', '1,314', '67,1548', '1,722', '1,67,69,82', '1,14,16,112', '1,1177', '65,211,215,724', '1,1496', '349,504,509,756', '1,1723', '88,232', '1,784,793,870,875,1245,1267,1291', '85,1448,1450,1462', '1,388', '73,390', '1,266', '110,157', '1,112', '1,360', '1,140,143,348', '1,340', '1,55', '1,30', '1,33', '1,44', '1,129', '1,205,210,224', '1,30'], 'nonprodsw': 0, 'tfileoutfiles': ['output.root'], 'oneEventMode': 0, 'debugfilename': 'eb263080f06bd6b3bfbd9fed7df3dd2080245c6936bf583f3919364a6f8ff013.tar.gz', 'saveoutput': 1, 'publication': 1, 'jobarch': 'slc6_amd64_gcc700', 'totalunits': 0, 'splitalgo': 'Automatic', 'ignoreglobalblacklist': 0, 'nonvaliddata': 1, 'dbsurl': 'https://cmsweb.cern.ch/dbs/prod/phys03/DBSReader', 'publishgroupname': 0, 'jobtype': 'Analysis', 'publishname2': ''} 
DEBUG 2019-11-04 22:28:38.603 UTC: 	 Encoded submit request: maxjobruntime=1250&ignorelocality=0&savelogsflag=1&useparent=0&asyncdest=T3_US_FNALLPC&algoargs=480&cachefilename=917079c6765c6342479b30b9ff784b25fa2c1a4dbfb1f1f5e593b8ed21fb1ec9.tar.gz&numcores=1&generator=pythia&maxmemory=2000&publishdbsurl=https%3A%2F%2Fcmsweb.cern.ch%2Fdbs%2Fprod%2Fphys03%2FDBSWriter&priority=10&jobsw=CMSSW_10_2_16&primarydataset=&inputdata=%2FEmbeddingRun2016G%2FElMuFinalState-inputDoubleMu_94X_Legacy_miniAOD-v5%2FUSER&lfn=%2Fstore%2Fuser%2Ftwelton%2FExcitingAnalyzer_v1&dryrun=0&workflow=crab_ExcitingAnalyzer_ElMu_Run2016G&cacheurl=https%3A%2F%2Fcmsweb.cern.ch%2Fcrabcache&nonprodsw=0&oneEventMode=0&debugfilename=eb263080f06bd6b3bfbd9fed7df3dd2080245c6936bf583f3919364a6f8ff013.tar.gz&saveoutput=1&publication=1&jobarch=slc6_amd64_gcc700&totalunits=0&splitalgo=Automatic&ignoreglobalblacklist=0&nonvaliddata=1&dbsurl=https%3A%2F%2Fcmsweb.cern.ch%2Fdbs%2Fprod%2Fphys03%2FDBSReader&publishgroupname=0&jobtype=Analysis&publishname2=&tfileoutfiles=output.root&runs=273158&runs=273302&runs=273402&runs=273403&runs=273404&runs=273405&runs=273406&runs=273408&runs=273409&runs=273410&runs=273411&runs=273425&runs=273446&runs=273447&runs=273448&runs=273449&runs=273450&runs=273492&runs=273493&runs=273494&runs=273502&runs=273503&runs=273554&runs=273555&runs=273725&runs=273728&runs=273730&runs=274094&runs=274146&runs=274157&runs=274159&runs=274160&runs=274161&runs=274172&runs=274198&runs=274199&runs=274200&runs=274240&runs=274241&runs=274244&runs=274250&runs=274251&runs=274283&runs=274284&runs=274286&runs=274314&runs=274315&runs=274316&runs=274317&runs=274319&runs=274335&runs=274336&runs=274337&runs=274338&runs=274339&runs=274344&runs=274345&runs=274382&runs=274387&runs=274388&runs=274420&runs=274421&runs=274422&runs=274440&runs=274441&runs=274442&runs=274954&runs=274955&runs=274968&runs=274969&runs=274970&runs=274971&runs=274998&runs=274999&runs=275000&runs=275001&runs=275059&runs=275066&runs=275067&runs=275068&runs=275073&runs=275074&runs=275124&runs=275125&runs=275282&runs=275283&runs=275284&runs=275290&runs=275291&runs=275292&runs=275293&runs=275309&runs=275310&runs=275311&runs=275319&runs=275337&runs=275338&runs=275344&runs=275345&runs=275370&runs=275371&runs=275375&runs=275376&runs=275657&runs=275658&runs=275659&runs=275761&runs=275767&runs=275772&runs=275773&runs=275774&runs=275776&runs=275777&runs=275778&runs=275782&runs=275832&runs=275833&runs=275834&runs=275835&runs=275836&runs=275837&runs=275847&runs=275886&runs=275890&runs=275911&runs=275912&runs=275913&runs=275918&runs=275920&runs=275921&runs=275923&runs=275931&runs=275963&runs=276092&runs=276097&runs=276242&runs=276243&runs=276244&runs=276282&runs=276283&runs=276315&runs=276317&runs=276318&runs=276355&runs=276361&runs=276363&runs=276384&runs=276437&runs=276454&runs=276458&runs=276495&runs=276501&runs=276502&runs=276525&runs=276527&runs=276528&runs=276542&runs=276543&runs=276544&runs=276545&runs=276581&runs=276582&runs=276583&runs=276584&runs=276585&runs=276586&runs=276587&runs=276653&runs=276655&runs=276659&runs=276775&runs=276776&runs=276794&runs=276807&runs=276808&runs=276810&runs=276811&runs=276831&runs=276834&runs=276870&runs=276935&runs=276940&runs=276946&runs=276947&runs=276948&runs=276950&runs=277069&runs=277070&runs=277071&runs=277072&runs=277073&runs=277076&runs=277087&runs=277094&runs=277096&runs=277112&runs=277126&runs=277127&runs=277148&runs=277166&runs=277168&runs=277180&runs=277194&runs=277305&runs=277420&runs=277981&runs=277991&runs=277992&runs=278017&runs=278018&runs=278167&runs=278175&runs=278193&runs=278239&runs=278240&runs=278273&runs=278274&runs=278288&runs=278289&runs=278290&runs=278308&runs=278310&runs=278315&runs=278345&runs=278346&runs=278349&runs=278366&runs=278406&runs=278509&runs=278769&runs=278770&runs=278801&runs=278802&runs=278803&runs=278804&runs=278805&runs=278808&runs=278820&runs=278822&runs=278873&runs=278874&runs=278875&runs=278923&runs=278957&runs=278962&runs=278963&runs=278969&runs=278975&runs=278976&runs=278986&runs=279024&runs=279029&runs=279071&runs=279080&runs=279115&runs=279116&runs=279479&runs=279588&runs=279653&runs=279654&runs=279656&runs=279658&runs=279667&runs=279681&runs=279682&runs=279683&runs=279684&runs=279685&runs=279691&runs=279694&runs=279715&runs=279716&runs=279760&runs=279766&runs=279767&runs=279794&runs=279823&runs=279841&runs=279844&runs=279887&runs=279931&runs=279966&runs=279975&runs=279993&runs=279994&runs=280013&runs=280015&runs=280016&runs=280017&runs=280018&runs=280020&runs=280024&runs=280187&runs=280188&runs=280191&runs=280194&runs=280242&runs=280249&runs=280251&runs=280327&runs=280330&runs=280349&runs=280363&runs=280364&runs=280383&runs=280384&runs=280385&runs=281613&runs=281639&runs=281641&runs=281693&runs=281707&runs=281726&runs=281727&runs=281797&runs=281975&runs=281976&runs=282033&runs=282034&runs=282035&runs=282037&runs=282092&runs=282708&runs=282710&runs=282712&runs=282730&runs=282731&runs=282732&runs=282733&runs=282734&runs=282735&runs=282800&runs=282807&runs=282814&runs=282842&runs=282917&runs=282918&runs=282919&runs=282922&runs=282923&runs=283042&runs=283043&runs=283049&runs=283050&runs=283052&runs=283059&runs=283270&runs=283283&runs=283305&runs=283306&runs=283307&runs=283308&runs=283353&runs=283358&runs=283359&runs=283407&runs=283408&runs=283416&runs=283453&runs=283469&runs=283478&runs=283548&runs=283680&runs=283681&runs=283682&runs=283685&runs=283820&runs=283830&runs=283834&runs=283835&runs=283865&runs=283876&runs=283877&runs=283884&runs=283885&runs=283933&runs=283934&runs=283946&runs=283964&runs=284006&runs=284014&runs=284025&runs=284029&runs=284035&runs=284036&runs=284037&runs=284038&runs=284039&runs=284040&runs=284041&runs=284042&runs=284043&runs=284044&lumis=1%2C1279&lumis=1%2C459&lumis=100%2C292&lumis=1%2C53&lumis=1%2C18&lumis=2%2C25&lumis=1%2C112&lumis=1%2C6&lumis=1%2C309&lumis=1%2C90&lumis=1%2C29&lumis=62%2C352%2C354%2C733&lumis=1%2C33&lumis=1%2C113%2C115%2C412&lumis=1%2C391&lumis=1%2C214&lumis=1%2C214%2C219%2C647&lumis=71%2C71%2C73%2C282%2C284%2C325%2C327%2C338&lumis=1%2C233&lumis=1%2C192&lumis=73%2C256%2C258%2C318%2C320%2C813%2C815%2C1064&lumis=1%2C598&lumis=77%2C437&lumis=1%2C173&lumis=83%2C252%2C254%2C2545&lumis=1%2C100&lumis=1%2C1814%2C1820%2C2126&lumis=108%2C332&lumis=1%2C67&lumis=105%2C534&lumis=1%2C43&lumis=1%2C207&lumis=1%2C516&lumis=31%2C95&lumis=81%2C191&lumis=1%2C623&lumis=1%2C678&lumis=1%2C40%2C42%2C82&lumis=1%2C1152%2C1161%2C1176&lumis=1%2C607&lumis=1%2C701&lumis=1%2C546&lumis=2%2C19&lumis=1%2C210&lumis=1%2C154&lumis=97%2C97%2C99%2C158&lumis=1%2C424&lumis=1%2C959&lumis=1%2C3&lumis=1%2C225&lumis=60%2C1003&lumis=1%2C14&lumis=3%2C17&lumis=1%2C698&lumis=1%2C29%2C31%2C31%2C33%2C33%2C35%2C93&lumis=1%2C632&lumis=1%2C170&lumis=94%2C144&lumis=88%2C439&lumis=1%2C1820&lumis=94%2C268&lumis=1%2C342&lumis=1%2C2207&lumis=92%2C493&lumis=1%2C431&lumis=1%2C752&lumis=37%2C37%2C39%2C57&lumis=1%2C91&lumis=1%2C1192&lumis=1%2C1003&lumis=1%2C47&lumis=1%2C905&lumis=64%2C782&lumis=1%2C1241&lumis=1%2C136&lumis=1%2C1781%2C1786%2C2061&lumis=78%2C81%2C105%2C137&lumis=1%2C96&lumis=1%2C392&lumis=1%2C915&lumis=1%2C517&lumis=1%2C442%2C444%2C647&lumis=106%2C106%2C108%2C431&lumis=1%2C989&lumis=91%2C180&lumis=1%2C132&lumis=1%2C74&lumis=96%2C143&lumis=1%2C347&lumis=1%2C121&lumis=1%2C142%2C144%2C201&lumis=55%2C617&lumis=1%2C1929&lumis=1%2C1253&lumis=141%2C282&lumis=1%2C427&lumis=1%2C520&lumis=76%2C356&lumis=1%2C353&lumis=81%2C365&lumis=1%2C22%2C28%2C569&lumis=127%2C1449&lumis=1%2C2667%2C2669%2C3096&lumis=1%2C105&lumis=1%2C337&lumis=1%2C17&lumis=1%2C9&lumis=1%2C4&lumis=1%2C56&lumis=1%2C7&lumis=1%2C311%2C315%2C315&lumis=1%2C140&lumis=1%2C300&lumis=1%2C305&lumis=1%2C131%2C133%2C762&lumis=1%2C367&lumis=1%2C53%2C56%2C115%2C117%2C251&lumis=1%2C297&lumis=1%2C13&lumis=1%2C429%2C431%2C1163%2C1166%2C1170%2C1184%2C1293&lumis=1%2C186%2C198%2C726&lumis=1%2C2263&lumis=73%2C109&lumis=1%2C1393&lumis=62%2C298%2C300%2C354%2C356%2C440&lumis=1%2C289&lumis=1%2C475&lumis=1%2C318%2C348%2C361&lumis=5%2C463&lumis=1%2C2%2C4%2C5%2C17%2C20&lumis=3%2C53%2C63%2C64%2C66%2C126&lumis=1%2C14%2C19%2C89&lumis=82%2C139%2C141%2C172&lumis=74%2C149&lumis=1%2C507&lumis=1%2C7%2C18%2C61%2C72%2C1664&lumis=1%2C15%2C18%2C480%2C482%2C611&lumis=3%2C1202&lumis=75%2C534%2C537%2C1142&lumis=3%2C1087&lumis=40%2C175%2C178%2C217&lumis=3%2C138&lumis=3%2C103%2C106%2C570&lumis=1%2C33&lumis=1%2C161%2C169%2C208%2C210%2C800%2C802%2C833&lumis=1%2C140%2C142%2C238%2C242%2C1482&lumis=2%2C1117&lumis=63%2C224%2C227%2C1074%2C1076%2C2190&lumis=1%2C527&lumis=1%2C341&lumis=87%2C268&lumis=4%2C221%2C223%2C2547&lumis=2%2C741&lumis=88%2C469%2C471%2C1606%2C1626%2C2893&lumis=1%2C214&lumis=4%2C394&lumis=74%2C857&lumis=1%2C638%2C643%2C952&lumis=2%2C161&lumis=2%2C110%2C117%2C213&lumis=79%2C444&lumis=1%2C871&lumis=1%2C52&lumis=1%2C2&lumis=1%2C238%2C241%2C242%2C245%2C246&lumis=2%2C658%2C680%2C773&lumis=1%2C1006&lumis=72%2C550&lumis=1%2C593%2C595%2C1106&lumis=1%2C127%2C129%2C252&lumis=96%2C1260&lumis=1%2C1823&lumis=1%2C885&lumis=66%2C220&lumis=1%2C875&lumis=1%2C287&lumis=1%2C1270%2C1272%2C2563&lumis=64%2C755%2C761%2C2702&lumis=1%2C720&lumis=78%2C1354%2C1356%2C3108%2C3111%2C3258%2C3260%2C3484&lumis=79%2C184%2C186%2C838%2C842%2C906&lumis=70%2C213&lumis=1%2C27&lumis=1%2C89%2C91%2C126%2C135%2C141&lumis=1%2C474&lumis=1%2C2353&lumis=81%2C265%2C267%2C390&lumis=1%2C309%2C311%2C1059&lumis=1%2C82%2C90%2C178&lumis=1%2C253%2C256%2C466&lumis=1%2C90&lumis=1%2C3%2C5%2C7%2C9%2C35%2C38%2C1037&lumis=204%2C1191&lumis=1%2C161%2C164%2C584&lumis=1%2C1309%2C1311%2C2086&lumis=1%2C155&lumis=42%2C59&lumis=1%2C438%2C440%2C902&lumis=83%2C190%2C193%2C700&lumis=77%2C186%2C188%2C431&lumis=1%2C1708%2C1711%2C1822%2C1824%2C2223&lumis=88%2C228&lumis=113%2C139%2C144%2C497%2C500%2C1115%2C1117%2C1312%2C1320%2C1749%2C1754%2C2067%2C2070%2C2070&lumis=62%2C744&lumis=84%2C84%2C86%2C291%2C293%2C346&lumis=82%2C83%2C85%2C163&lumis=1%2C98&lumis=1%2C260%2C262%2C312&lumis=77%2C97%2C99%2C213%2C215%2C512%2C514%2C589&lumis=1%2C263%2C265%2C422%2C424%2C615%2C617%2C627%2C642%2C1011%2C1020%2C1181&lumis=87%2C394%2C397%2C1153%2C1155%2C1660%2C1662%2C1707%2C1709%2C2258&lumis=1%2C88&lumis=77%2C231&lumis=76%2C339%2C341%2C558%2C560%2C740&lumis=1%2C64%2C70%2C113%2C115%2C1121%2C1123%2C1296%2C1299%2C1309&lumis=75%2C110&lumis=1%2C18%2C20%2C85&lumis=67%2C81&lumis=1%2C42%2C44%2C52&lumis=1%2C11&lumis=87%2C216%2C219%2C587%2C589%2C680%2C683%2C1200%2C1217%2C1410%2C1413%2C1848%2C1880%2C1880&lumis=1%2C32%2C34%2C709&lumis=73%2C254%2C256%2C661%2C663%2C767&lumis=84%2C500%2C503%2C831&lumis=1%2C117&lumis=1%2C401%2C403%2C612%2C632%2C633&lumis=1%2C453&lumis=85%2C360%2C362%2C1682&lumis=91%2C1557&lumis=75%2C104&lumis=1%2C767&lumis=48%2C85&lumis=1%2C17&lumis=1%2C87%2C91%2C133%2C135%2C297%2C299%2C323&lumis=1%2C4&lumis=3%2C26%2C30%2C167%2C170%2C193%2C196%2C280%2C283%2C284%2C288%2C288&lumis=1%2C445%2C447%2C462%2C464%2C1793&lumis=17%2C1533&lumis=1%2C1627&lumis=70%2C129&lumis=1%2C273%2C275%2C478&lumis=1%2C210%2C212%2C834&lumis=55%2C467&lumis=79%2C227&lumis=68%2C408&lumis=1%2C23%2C25%2C175&lumis=70%2C511%2C514%2C1051%2C1053%2C1291%2C1293%2C1397%2C1399%2C1460&lumis=1%2C475%2C477%2C745%2C747%2C850&lumis=1%2C20&lumis=71%2C199&lumis=82%2C382&lumis=1%2C260&lumis=71%2C244&lumis=68%2C224&lumis=118%2C524&lumis=38%2C485&lumis=86%2C190&lumis=100%2C1259&lumis=77%2C77%2C82%2C261&lumis=1%2C108%2C110%2C1231%2C1285%2C1299&lumis=1%2C43&lumis=1%2C689%2C691%2C713&lumis=68%2C1033&lumis=77%2C104&lumis=1%2C29%2C33%2C34%2C37%2C38&lumis=1%2C26&lumis=1%2C22&lumis=1%2C93%2C95%2C209&lumis=71%2C113&lumis=1%2C2235&lumis=71%2C474%2C476%2C477%2C480%2C480%2C511%2C511%2C523%2C691&lumis=1%2C860%2C875%2C1528%2C1530%2C1653&lumis=68%2C578%2C585%2C728&lumis=1%2C1689&lumis=1%2C776&lumis=77%2C1100&lumis=61%2C395&lumis=75%2C398%2C407%2C2122&lumis=72%2C295&lumis=79%2C221%2C225%2C397&lumis=84%2C628%2C630%2C743%2C746%2C801%2C803%2C1043%2C1045%2C3022&lumis=79%2C441&lumis=70%2C190%2C192%2C253%2C256%2C281%2C283%2C709%2C734%2C1121&lumis=85%2C156&lumis=1%2C47&lumis=1%2C25&lumis=1%2C39%2C41%2C56%2C59%2C554%2C560%2C580&lumis=1%2C149&lumis=1%2C608&lumis=1%2C1281&lumis=1%2C45&lumis=1%2C427&lumis=4%2C60&lumis=1%2C245&lumis=1%2C781%2C783%2C866%2C869%2C900&lumis=1%2C238&lumis=1%2C411%2C414%2C627&lumis=1%2C486%2C488%2C1433&lumis=1%2C165%2C167%2C372&lumis=49%2C85&lumis=1%2C857&lumis=1%2C247%2C252%2C623%2C626%2C626&lumis=1%2C359&lumis=1%2C370%2C372%2C617%2C619%2C619%2C621%2C1090%2C1102%2C1363&lumis=64%2C65&lumis=2%2C34&lumis=1%2C519%2C523%2C569%2C574%2C1187%2C1189%2C1533%2C1536%2C2022&lumis=101%2C128%2C130%2C130%2C133%2C133%2C135%2C139%2C143%2C256%2C258%2C903&lumis=1%2C132&lumis=1%2C319&lumis=1%2C2191&lumis=99%2C982%2C1000%2C1065&lumis=1%2C288&lumis=1%2C1605&lumis=125%2C2176&lumis=1%2C215&lumis=1%2C2166&lumis=82%2C117&lumis=1%2C33&lumis=1%2C40&lumis=1%2C457%2C459%2C1862&lumis=92%2C222%2C624%2C2276&lumis=1%2C8&lumis=1%2C2%2C8%2C8&lumis=1%2C1%2C10%2C68&lumis=89%2C164&lumis=1%2C172&lumis=1%2C69&lumis=1%2C177&lumis=1%2C327&lumis=1%2C642%2C645%2C1232%2C1235%2C1823&lumis=1%2C377&lumis=1%2C326&lumis=1%2C1843&lumis=1%2C80&lumis=117%2C157%2C159%2C191&lumis=1%2C51&lumis=1%2C243&lumis=1%2C131&lumis=1%2C17%2C19%2C30%2C32%2C36%2C38%2C39%2C41%2C86%2C88%2C224&lumis=1%2C6&lumis=1%2C105%2C108%2C519&lumis=82%2C93&lumis=1%2C212&lumis=1%2C111&lumis=1%2C125%2C127%2C451&lumis=76%2C573%2C576%2C1502%2C1504%2C1888%2C1890%2C1912&lumis=4%2C1668%2C1670%2C1748&lumis=79%2C85&lumis=1%2C289&lumis=1%2C153%2C156%2C456&lumis=1%2C547%2C549%2C571%2C573%2C895%2C897%2C948&lumis=80%2C822&lumis=1%2C243%2C245%2C981&lumis=1%2C428&lumis=82%2C114&lumis=1%2C27%2C29%2C2088%2C2098%2C2125%2C2203%2C2416%2C2528%2C2542&lumis=49%2C151%2C154%2C245&lumis=83%2C537&lumis=74%2C74&lumis=76%2C303%2C324%2C969&lumis=145%2C288&lumis=1%2C81&lumis=1%2C17&lumis=1%2C384&lumis=1%2C314&lumis=67%2C1548&lumis=1%2C722&lumis=1%2C67%2C69%2C82&lumis=1%2C14%2C16%2C112&lumis=1%2C1177&lumis=65%2C211%2C215%2C724&lumis=1%2C1496&lumis=349%2C504%2C509%2C756&lumis=1%2C1723&lumis=88%2C232&lumis=1%2C784%2C793%2C870%2C875%2C1245%2C1267%2C1291&lumis=85%2C1448%2C1450%2C1462&lumis=1%2C388&lumis=73%2C390&lumis=1%2C266&lumis=110%2C157&lumis=1%2C112&lumis=1%2C360&lumis=1%2C140%2C143%2C348&lumis=1%2C340&lumis=1%2C55&lumis=1%2C30&lumis=1%2C33&lumis=1%2C44&lumis=1%2C129&lumis=1%2C205%2C210%2C224&lumis=1%2C30
DEBUG 2019-11-04 22:28:39.438 UTC: 	 Result: {u'result': [{u'RequestName': u'191104_222839:twelton_crab_ExcitingAnalyzer_ElMu_Run2016G'}]}
INFO 2019-11-04 22:28:39.504 UTC: 	 Success: Your task has been delivered to the prod CRAB3 server.
INFO 2019-11-04 22:28:39.504 UTC: 	 Task name: 191104_222839:twelton_crab_ExcitingAnalyzer_ElMu_Run2016G
INFO 2019-11-04 22:28:39.504 UTC: 	 Project dir: crab_projects/crab_ExcitingAnalyzer_ElMu_Run2016G
INFO 2019-11-04 22:28:39.505 UTC: 	 Please use 'crab status -d crab_projects/crab_ExcitingAnalyzer_ElMu_Run2016G' to check how the submission process proceeds.
DEBUG 2019-11-04 22:28:39.505 UTC: 	 About to return
INFO 2019-11-04 22:28:39.511 UTC: 	 Log file is /uscms_data/d3/twelton/WorkingArea/CMSSW_10_2_16/src/ExcitedTau/crab_projects/crab_ExcitingAnalyzer_ElMu_Run2016G/crab.log
